platforms/android/build/outputs/logs/manifest-merger-F0-debug-report.txt
-- Merging decision tree log ---
manifest
ADDED from src/main/AndroidManifest.xml:2:1-48:12
	package
		ADDED from src/main/AndroidManifest.xml:3:2-40
		INJECTED from src/main/AndroidManifest.xml
		INJECTED from src/main/AndroidManifest.xml
	android:versionName
		ADDED from src/main/AndroidManifest.xml:5:2-27
		INJECTED from src/main/AndroidManifest.xml
		INJECTED from src/main/AndroidManifest.xml
	android:versionCode
		ADDED from src/main/AndroidManifest.xml:4:2-25
		INJECTED from src/main/AndroidManifest.xml
		INJECTED from src/main/AndroidManifest.xml
	xmlns:android
		ADDED from src/main/AndroidManifest.xml:2:11-69
supports-screens
ADDED from src/main/AndroidManifest.xml:7:2-11:33
	android:largeScreens
		ADDED from src/main/AndroidManifest.xml:10:3-30
	android:smallScreens
		ADDED from src/main/AndroidManifest.xml:8:3-30
	android:normalScreens
		ADDED from src/main/AndroidManifest.xml:9:3-31
	android:xlargeScreens
		ADDED from src/main/AndroidManifest.xml:11:3-31
uses-sdk
ADDED from src/main/AndroidManifest.xml:13:2-15:34
MERGED from [com.android.support:support-v4:23.2.1] AndroidManifest.xml:20:5-43
MERGED from [com.android.support:appcompat-v7:23.2.1] AndroidManifest.xml:21:5-23:78
MERGED from [com.android.support:support-v4:23.2.1] AndroidManifest.xml:20:5-43
MERGED from [com.android.support:animated-vector-drawable:23.2.1] AndroidManifest.xml:5:5-44
MERGED from [com.android.support:support-vector-drawable:23.2.1] AndroidManifest.xml:5:5-43
MERGED from [com.android.support:support-v4:23.2.1] AndroidManifest.xml:20:5-43
MERGED from [com.android.support:support-vector-drawable:23.2.1] AndroidManifest.xml:5:5-43
MERGED from [com.android.support:support-v4:23.2.1] AndroidManifest.xml:20:5-43
MERGED from [mobilevideo:runtime:unspecified] AndroidManifest.xml:7:5-9:41
MERGED from [com.twilio:video-android:1.0.0-beta1] AndroidManifest.xml:7:5-9:41
MERGED from [com.twilio:common-android:0.6.1] AndroidManifest.xml:7:5-9:41
MERGED from [com.getkeepsafe.relinker:relinker:1.2.2] AndroidManifest.xml:7:5-43
MERGED from [:widgets-release:] AndroidManifest.xml:7:5-9:41
	tools:overrideLibrary
		ADDED from [com.android.support:appcompat-v7:23.2.1] AndroidManifest.xml:23:9-75
	android:targetSdkVersion
		ADDED from src/main/AndroidManifest.xml:15:3-32
		INJECTED from src/main/AndroidManifest.xml
		INJECTED from src/main/AndroidManifest.xml
	android:minSdkVersion
		ADDED from src/main/AndroidManifest.xml:14:3-29
		INJECTED from src/main/AndroidManifest.xml
		INJECTED from src/main/AndroidManifest.xml
uses-permission#android.permission.READ_EXTERNAL_STORAGE
ADDED from src/main/AndroidManifest.xml:17:2-76
	android:name
		ADDED from src/main/AndroidManifest.xml:17:19-74
uses-permission#android.permission.WRITE_EXTERNAL_STORAGE
ADDED from src/main/AndroidManifest.xml:18:2-77
	android:name
		ADDED from src/main/AndroidManifest.xml:18:19-75
uses-permission#android.permission.INTERNET
ADDED from src/main/AndroidManifest.xml:19:2-63
	android:name
		ADDED from src/main/AndroidManifest.xml:19:19-61
uses-permission#android.permission.CAMERA
ADDED from src/main/AndroidManifest.xml:20:2-61
	android:name
		ADDED from src/main/AndroidManifest.xml:20:19-59
uses-permission#android.permission.RECORD_AUDIO
ADDED from src/main/AndroidManifest.xml:21:2-68
	android:name
		ADDED from src/main/AndroidManifest.xml:21:19-65
uses-permission#android.permission.MODIFY_AUDIO_SETTINGS
ADDED from src/main/AndroidManifest.xml:22:2-77
	android:name
		ADDED from src/main/AndroidManifest.xml:22:19-74
uses-permission#android.permission.ACCESS_NETWORK_STATE
ADDED from src/main/AndroidManifest.xml:23:2-76
	android:name
		ADDED from src/main/AndroidManifest.xml:23:19-73
uses-permission#android.permission.ACCESS_WIFI_STATE
ADDED from src/main/AndroidManifest.xml:24:2-73
	android:name
		ADDED from src/main/AndroidManifest.xml:24:19-70
application
ADDED from src/main/AndroidManifest.xml:26:2-47:16
MERGED from [com.android.support:support-v4:23.2.1] AndroidManifest.xml:22:5-20
MERGED from [com.android.support:appcompat-v7:23.2.1] AndroidManifest.xml:25:5-20
MERGED from [com.android.support:support-v4:23.2.1] AndroidManifest.xml:22:5-20
MERGED from [com.android.support:animated-vector-drawable:23.2.1] AndroidManifest.xml:7:5-20
MERGED from [com.android.support:support-vector-drawable:23.2.1] AndroidManifest.xml:7:5-20
MERGED from [com.android.support:support-v4:23.2.1] AndroidManifest.xml:22:5-20
MERGED from [com.android.support:support-vector-drawable:23.2.1] AndroidManifest.xml:7:5-20
MERGED from [com.android.support:support-v4:23.2.1] AndroidManifest.xml:22:5-20
MERGED from [com.twilio:video-android:1.0.0-beta1] AndroidManifest.xml:11:5-20
MERGED from [:widgets-release:] AndroidManifest.xml:11:5-12:19
	android:label
		ADDED from src/main/AndroidManifest.xml:30:3-35
	android:allowBackup
		ADDED from src/main/AndroidManifest.xml:28:3-29
	android:icon
		ADDED from src/main/AndroidManifest.xml:29:3-32
	android:theme
		ADDED from src/main/AndroidManifest.xml:31:3-34
	android:name
		ADDED from src/main/AndroidManifest.xml:27:3-49
activity#com.tns.NativeScriptActivity
ADDED from src/main/AndroidManifest.xml:33:3-45:14
	android:label
		ADDED from src/main/AndroidManifest.xml:35:4-49
	android:configChanges
		ADDED from src/main/AndroidManifest.xml:36:4-65
	android:theme
		ADDED from src/main/AndroidManifest.xml:37:4-44
	android:name
		ADDED from src/main/AndroidManifest.xml:34:4-47
meta-data#SET_THEME_ON_LAUNCH
ADDED from src/main/AndroidManifest.xml:39:4-87
	android:resource
		ADDED from src/main/AndroidManifest.xml:39:50-84
	android:name
		ADDED from src/main/AndroidManifest.xml:39:15-49
intent-filter#android.intent.action.MAIN+android.intent.category.LAUNCHER
ADDED from src/main/AndroidManifest.xml:41:4-44:20
action#android.intent.action.MAIN
ADDED from src/main/AndroidManifest.xml:42:5-57
	android:name
		ADDED from src/main/AndroidManifest.xml:42:13-54
category#android.intent.category.LAUNCHER
ADDED from src/main/AndroidManifest.xml:43:5-65
	android:name
		ADDED from src/main/AndroidManifest.xml:43:15-62
activity#com.tns.ErrorReportActivity
ADDED from src/main/AndroidManifest.xml:46:3-57
	android:name
		ADDED from src/main/AndroidManifest.xml:46:13-55